Build started 5/18/2017 4:03:31 AM.
     1>Project "F:\my outputs\vc++ projects\comlete project\full project\copyed edited\mypaint\CppWinForm6\CppWinForm6.vcxproj" on node 2 (Build target(s)).
     1>C:\Program Files (x86)\MSBuild\Microsoft.Cpp\v4.0\V140\Microsoft.CppBuild.targets(392,5): warning MSB8028: The intermediate directory (Debug\) contains files shared from another project (CppWinForm6.vcxproj).  This can lead to incorrect clean and rebuild behavior.
     1>ClCompile:
         C:\Program Files (x86)\Microsoft Visual Studio 14.0\VC\bin\CL.exe /c /AI"C:\Program Files (x86)\Reference Assemblies\Microsoft\Framework\.NETFramework\v4.5.2\\" /AI"C:\Program Files (x86)\Windows Kits\8.1\References\CommonConfiguration\Neutral" /AI"C:\Program Files (x86)\Reference Assemblies\Microsoft\Framework\.NETFramework\v4.5.2\Facades\\" /Zi /clr /nologo /W3 /WX- /Od /Oy- /D WIN32 /D _DEBUG /D _UNICODE /D UNICODE /EHa /MDd /GS /fp:precise /Zc:wchar_t /Zc:forScope /Zc:inline /Fo"Debug\\" /Fd"Debug\vc140.pdb" /TP /FU"C:\Program Files (x86)\Reference Assemblies\Microsoft\Framework\.NETFramework\v4.5.2\mscorlib.dll" /FU"C:\Program Files (x86)\Reference Assemblies\Microsoft\Framework\.NETFramework\v4.5.2\System.Data.dll" /FU"C:\Program Files (x86)\Reference Assemblies\Microsoft\Framework\.NETFramework\v4.5.2\System.dll" /FU"C:\Program Files (x86)\Reference Assemblies\Microsoft\Framework\.NETFramework\v4.5.2\System.Drawing.dll" /FU"C:\Program Files (x86)\Reference Assemblies\Microsoft\Framework\.NETFramework\v4.5.2\System.Windows.Forms.dll" /FU"C:\Program Files (x86)\Reference Assemblies\Microsoft\Framework\.NETFramework\v4.5.2\System.Xml.dll" /analyze- /errorReport:prompt /clr:nostdlib MyForm.cpp
         MyForm.cpp
     1>f:\my outputs\vc++ projects\comlete project\full project\copyed edited\mypaint\cppwinform6\MyForm.h(1069): warning C4244: 'argument': conversion from 'int' to 'float', possible loss of data
     1>f:\my outputs\vc++ projects\comlete project\full project\copyed edited\mypaint\cppwinform6\MyForm.h(1073): warning C4244: 'argument': conversion from 'int' to 'float', possible loss of data
     1>f:\my outputs\vc++ projects\comlete project\full project\copyed edited\mypaint\cppwinform6\MyForm.h(1092): warning C4244: 'argument': conversion from 'int' to 'float', possible loss of data
     1>f:\my outputs\vc++ projects\comlete project\full project\copyed edited\mypaint\cppwinform6\MyForm.h(1098): warning C4244: 'argument': conversion from 'int' to 'float', possible loss of data
     1>f:\my outputs\vc++ projects\comlete project\full project\copyed edited\mypaint\cppwinform6\MyForm.h(1103): warning C4244: 'argument': conversion from 'int' to 'float', possible loss of data
     1>f:\my outputs\vc++ projects\comlete project\full project\copyed edited\mypaint\cppwinform6\MyForm.h(1108): warning C4244: 'argument': conversion from 'int' to 'float', possible loss of data
     1>f:\my outputs\vc++ projects\comlete project\full project\copyed edited\mypaint\cppwinform6\MyForm.h(1122): warning C4244: 'argument': conversion from 'int' to 'float', possible loss of data
     1>f:\my outputs\vc++ projects\comlete project\full project\copyed edited\mypaint\cppwinform6\MyForm.h(1123): warning C4244: 'argument': conversion from 'int' to 'float', possible loss of data
     1>f:\my outputs\vc++ projects\comlete project\full project\copyed edited\mypaint\cppwinform6\MyForm.h(1128): warning C4244: 'argument': conversion from 'int' to 'float', possible loss of data
     1>f:\my outputs\vc++ projects\comlete project\full project\copyed edited\mypaint\cppwinform6\MyForm.h(1129): warning C4244: 'argument': conversion from 'int' to 'float', possible loss of data
     1>f:\my outputs\vc++ projects\comlete project\full project\copyed edited\mypaint\cppwinform6\MyForm.h(1134): warning C4244: 'argument': conversion from 'int' to 'float', possible loss of data
     1>f:\my outputs\vc++ projects\comlete project\full project\copyed edited\mypaint\cppwinform6\MyForm.h(1135): warning C4244: 'argument': conversion from 'int' to 'float', possible loss of data
     1>f:\my outputs\vc++ projects\comlete project\full project\copyed edited\mypaint\cppwinform6\MyForm.h(1140): warning C4244: 'argument': conversion from 'int' to 'float', possible loss of data
     1>f:\my outputs\vc++ projects\comlete project\full project\copyed edited\mypaint\cppwinform6\MyForm.h(1141): warning C4244: 'argument': conversion from 'int' to 'float', possible loss of data
     1>f:\my outputs\vc++ projects\comlete project\full project\copyed edited\mypaint\cppwinform6\MyForm.h(1146): warning C4244: 'argument': conversion from 'int' to 'float', possible loss of data
     1>f:\my outputs\vc++ projects\comlete project\full project\copyed edited\mypaint\cppwinform6\MyForm.h(1147): warning C4244: 'argument': conversion from 'int' to 'float', possible loss of data
     1>f:\my outputs\vc++ projects\comlete project\full project\copyed edited\mypaint\cppwinform6\MyForm.h(1156): warning C4244: 'argument': conversion from 'int' to 'float', possible loss of data
     1>f:\my outputs\vc++ projects\comlete project\full project\copyed edited\mypaint\cppwinform6\MyForm.h(1157): warning C4244: 'argument': conversion from 'int' to 'float', possible loss of data
     1>f:\my outputs\vc++ projects\comlete project\full project\copyed edited\mypaint\cppwinform6\MyForm.h(1162): warning C4244: 'argument': conversion from 'int' to 'float', possible loss of data
     1>f:\my outputs\vc++ projects\comlete project\full project\copyed edited\mypaint\cppwinform6\MyForm.h(1163): warning C4244: 'argument': conversion from 'int' to 'float', possible loss of data
     1>f:\my outputs\vc++ projects\comlete project\full project\copyed edited\mypaint\cppwinform6\MyForm.h(1168): warning C4244: 'argument': conversion from 'int' to 'float', possible loss of data
     1>f:\my outputs\vc++ projects\comlete project\full project\copyed edited\mypaint\cppwinform6\MyForm.h(1169): warning C4244: 'argument': conversion from 'int' to 'float', possible loss of data
     1>f:\my outputs\vc++ projects\comlete project\full project\copyed edited\mypaint\cppwinform6\MyForm.h(1174): warning C4244: 'argument': conversion from 'int' to 'float', possible loss of data
     1>f:\my outputs\vc++ projects\comlete project\full project\copyed edited\mypaint\cppwinform6\MyForm.h(1175): warning C4244: 'argument': conversion from 'int' to 'float', possible loss of data
     1>f:\my outputs\vc++ projects\comlete project\full project\copyed edited\mypaint\cppwinform6\MyForm.h(1180): warning C4244: 'argument': conversion from 'int' to 'float', possible loss of data
     1>f:\my outputs\vc++ projects\comlete project\full project\copyed edited\mypaint\cppwinform6\MyForm.h(1181): warning C4244: 'argument': conversion from 'int' to 'float', possible loss of data
       Link:
         C:\Program Files (x86)\Microsoft Visual Studio 14.0\VC\bin\link.exe /ERRORREPORT:PROMPT /OUT:"F:\my outputs\vc++ projects\comlete project\full project\copyed edited\mypaint\Debug\mypaintprogram.exe" /INCREMENTAL /NOLOGO /ASSEMBLYRESOURCE:Debug\CppWinForm6.MyForm.resources /MANIFEST /MANIFESTUAC:"level='asInvoker' uiAccess='false'" /manifest:embed /Debug /PDB:"F:\my outputs\vc++ projects\comlete project\full project\copyed edited\mypaint\Debug\mypaintprogram.pdb" /ASSEMBLYDEBUG /SUBSYSTEM:WINDOWS /TLBID:1 /ENTRY:"Main" /DYNAMICBASE /FIXED:NO /NXCOMPAT /MACHINE:X86 Debug\MyForm.obj
         "Debug\.NETFramework,Version=v4.5.2.AssemblyAttributes.obj"
         CppWinForm6.vcxproj -> F:\my outputs\vc++ projects\comlete project\full project\copyed edited\mypaint\Debug\mypaintprogram.exe
     1>Done Building Project "F:\my outputs\vc++ projects\comlete project\full project\copyed edited\mypaint\CppWinForm6\CppWinForm6.vcxproj" (Build target(s)).

Build succeeded.

Time Elapsed 00:00:03.34
